<?xml version="1.0" encoding="UTF-8"?>
<!-- Generated by org.testng.reporters.JUnitReportReporter -->
<testsuite hostname="DESKTOP-B60PPSI" failures="0" tests="4" name="com.remaxar.RemaxSearchDataTest" time="107.546" errors="0" timestamp="2022-03-02T13:44:19 ART" skipped="0">
  <testcase classname="com.remaxar.RemaxSearchDataTest" name="Test_1_BusdquedaPortada" time="14.297"/>
  <system-out/>
  <testcase classname="com.remaxar.RemaxSearchDataTest" name="Test_1_BusdquedaPortada" time="17.617"/>
  <system-out/>
  <testcase classname="com.remaxar.RemaxSearchDataTest" name="test_2_FiltrosRecoleccion" time="30.666"/>
  <system-out/>
  <testcase classname="com.remaxar.RemaxSearchDataTest" name="test_2_FiltrosRecoleccion" time="44.966"/>
  <system-out/>
</testsuite> <!-- com.remaxar.RemaxSearchDataTest -->
