<?xml version="1.0" encoding="UTF-8"?>
<!-- Generated by org.testng.reporters.JUnitReportReporter -->
<testsuite hostname="elzevir-N56VB" failures="0" tests="2" name="com.remaxar.RemaxSearchDataTest" time="31.209" errors="0" timestamp="2022-02-04T19:31:50 ART" skipped="0">
  <testcase classname="com.remaxar.RemaxSearchDataTest" name="TestBusdquedaPortada" time="10.841"/>
  <system-out/>
  <testcase classname="com.remaxar.RemaxSearchDataTest" name="testInfo" time="20.368"/>
  <system-out/>
</testsuite> <!-- com.remaxar.RemaxSearchDataTest -->
