<?xml version="1.0" encoding="UTF-8"?>
<!-- Generated by org.testng.reporters.JUnitReportReporter -->
<testsuite hostname="elzevir-N56VB" failures="0" tests="1" name="com.remaxar.RemaxSearchDataTest" time="21.758" errors="0" timestamp="2022-01-26T21:34:26 ART" skipped="0">
  <testcase classname="com.remaxar.RemaxSearchDataTest" name="TestBusdquedaPortada" time="21.758"/>
  <system-out/>
</testsuite> <!-- com.remaxar.RemaxSearchDataTest -->
