<?xml version="1.0" encoding="UTF-8"?>
<!-- Generated by org.testng.reporters.JUnitReportReporter -->
<testsuite hostname="elzevir-N56VB" failures="0" tests="2" name="com.remaxar.RemaxSearchDataTest" time="33.509" errors="0" timestamp="2022-02-08T22:02:33 ART" skipped="0">
  <testcase classname="com.remaxar.RemaxSearchDataTest" name="TestBusdquedaPortada" time="11.652"/>
  <system-out/>
  <testcase classname="com.remaxar.RemaxSearchDataTest" name="testInfo" time="21.857"/>
  <system-out/>
</testsuite> <!-- com.remaxar.RemaxSearchDataTest -->
